This file contains any messages produced by compilers while
running configure, to aid debugging if configure makes a mistake.

It was created by configure, which was
generated by GNU Autoconf 2.52.20101002.  Invocation command line was

  $ ../../src/ncurses/configure CC=/home/yanchao/Downloads/ellcc/libecc/../bin/ecc -target arm-linux-engeabi -g -Qunused-arguments -Wno-unneeded-internal-declaration -Wno-cast-align -Wno-incompatible-pointer-types -Wno-string-plus-int -Wno-pointer-sign -Wno-array-bounds -Wno-dangling-else -Wno-int-to-pointer-cast CXX=/home/yanchao/Downloads/ellcc/libecc/../bin/ecc++ -target arm-linux-engeabi  AR=/home/yanchao/Downloads/ellcc/libecc/../bin/ecc-ar RANLIB=/home/yanchao/Downloads/ellcc/libecc/../bin/ecc-ranlib --host=arm- --build=x86_64-linux --with-build-cc=/home/yanchao/Downloads/ellcc/libecc/../bin/ecc --prefix=/home/yanchao/Downloads/ellcc/libecc/.. --without-cxx-binding

## ---------- ##
## Platform.  ##
## ---------- ##

hostname = yanchao-Lenovo-H530s
uname -m = x86_64
uname -r = 3.13.0-48-generic
uname -s = Linux
uname -v = #80-Ubuntu SMP Thu Mar 12 11:16:15 UTC 2015

/usr/bin/uname -p = unknown
/bin/uname -X     = unknown

/bin/arch              = unknown
/usr/bin/arch -k       = unknown
/usr/convex/getsysinfo = unknown
hostinfo               = unknown
/bin/machine           = unknown
/usr/bin/oslevel       = unknown
/bin/universe          = unknown

PATH = /home/yanchao/research/musl-1.1.6:/home/yanchao/arm-linux-musleabi/bin:/usr/local/arm-2009q3/bin:/usr/local/sbin:/usr/local/bin:/usr/sbin:/usr/bin:/sbin:/bin:/usr/games:/usr/local/games

## ------------ ##
## Core tests.  ##
## ------------ ##

configure:1101: PATH=".;."; conftest.sh
../../src/ncurses/configure: 1102: ../../src/ncurses/configure: conftest.sh: not found
configure:1104: $? = 127
configure:1117: checking for egrep
configure:1127: result: grep -E
configure:1141: result: Configuring NCURSES 5.9 ABI 5 (Mon Mar 30 23:26:21 CDT 2015)
configure:1246: checking build system type
configure:1264: result: x86_64-pc-linux-gnu
configure:1271: checking host system type
configure:1280: error: /bin/sh ../../src/ncurses/config.sub arm- failed

## ----------------- ##
## Cache variables.  ##
## ----------------- ##

ac_cv_build='x86_64-pc-linux-gnu'
ac_cv_build_alias='x86_64-linux'
ac_cv_env_CC_set='set'
ac_cv_env_CC_value='/home/yanchao/Downloads/ellcc/libecc/../bin/ecc -target arm-linux-engeabi -g -Qunused-arguments -Wno-unneeded-internal-declaration -Wno-cast-align -Wno-incompatible-pointer-types -Wno-string-plus-int -Wno-pointer-sign -Wno-array-bounds -Wno-dangling-else -Wno-int-to-pointer-cast'
ac_cv_env_CFLAGS_set=''
ac_cv_env_CFLAGS_value=''
ac_cv_env_CPPFLAGS_set=''
ac_cv_env_CPPFLAGS_value=''
ac_cv_env_CPP_set=''
ac_cv_env_CPP_value=''
ac_cv_env_CXXCPP_set=''
ac_cv_env_CXXCPP_value=''
ac_cv_env_CXXFLAGS_set=''
ac_cv_env_CXXFLAGS_value=''
ac_cv_env_CXX_set='set'
ac_cv_env_CXX_value='/home/yanchao/Downloads/ellcc/libecc/../bin/ecc++ -target arm-linux-engeabi '
ac_cv_env_LDFLAGS_set=''
ac_cv_env_LDFLAGS_value=''
ac_cv_env_build_alias_set='set'
ac_cv_env_build_alias_value='x86_64-linux'
ac_cv_env_host_alias_set='set'
ac_cv_env_host_alias_value='arm-'
ac_cv_env_target_alias_set=''
ac_cv_env_target_alias_value=''
ac_cv_host=''
ac_cv_host_alias='arm-'
ac_cv_prog_egrep='grep -E'
cf_cv_abi_version='5'
cf_cv_rel_version='5.9'
cf_cv_timestamp='Mon Mar 30 23:26:21 CDT 2015'


configure: exit 1
