
Scrt1.o:     file format elf32-littlearm


Disassembly of section .text:

00000000 <_start>:
   0:	e3a0b000 	mov	fp, #0
   4:	e3a0e000 	mov	lr, #0
   8:	e49d1004 	pop	{r1}		; (ldr r1, [sp], #4)
   c:	e1a0200d 	mov	r2, sp
  10:	e52db004 	push	{fp}		; (str fp, [sp, #-4]!)
  14:	e52d0004 	push	{r0}		; (str r0, [sp, #-4]!)
  18:	e28fc028 	add	ip, pc, #40	; 0x28
  1c:	e59f3028 	ldr	r3, [pc, #40]	; 4c <_start+0x4c>
  20:	e083300c 	add	r3, r3, ip
  24:	e52d3004 	push	{r3}		; (str r3, [sp, #-4]!)
  28:	e59f3020 	ldr	r3, [pc, #32]	; 50 <_start+0x50>
  2c:	e083300c 	add	r3, r3, ip
  30:	e59f0010 	ldr	r0, [pc, #16]	; 48 <_start+0x48>
  34:	e08cc000 	add	ip, ip, r0
  38:	e59f0014 	ldr	r0, [pc, #20]	; 54 <_start+0x54>
  3c:	e79c0000 	ldr	r0, [ip, r0]
  40:	ebfffffe 	bl	0 <__libc_start_main>
  44:	eafffffe 	b	44 <_start+0x44>
  48:	00000000 	.word	0x00000000
  4c:	00000004 	.word	0x00000004
  50:	00000008 	.word	0x00000008
  54:	00000000 	.word	0x00000000
